{"C:\\Users\\SECONDARY\\Documents\\auction-away\\app.js":{"path":"C:\\Users\\SECONDARY\\Documents\\auction-away\\app.js","s":{"1":1,"2":1,"3":1,"4":1,"5":1,"6":1,"7":1,"8":1,"9":1,"10":1,"11":1,"12":1,"13":1,"14":1,"15":1,"16":1,"17":1,"18":1,"19":1,"20":1,"21":1,"22":1,"23":1,"24":1,"25":1,"26":1,"27":1,"28":1,"29":0,"30":0,"31":0,"32":0,"33":1,"34":1,"35":0,"36":0,"37":0,"38":0,"39":0,"40":1,"41":1,"42":1,"43":1,"44":1,"45":0,"46":1,"47":0,"48":1,"49":0},"b":{"1":[0,0],"2":[1,1]},"f":{"1":0,"2":0,"3":0,"4":0,"5":0},"fnMap":{"1":{"name":"(anonymous_1)","line":51,"loc":{"start":{"line":51,"column":18},"end":{"line":51,"column":46}}},"2":{"name":"(anonymous_2)","line":71,"loc":{"start":{"line":71,"column":8},"end":{"line":71,"column":34}}},"3":{"name":"(anonymous_3)","line":87,"loc":{"start":{"line":87,"column":28},"end":{"line":87,"column":38}}},"4":{"name":"(anonymous_4)","line":91,"loc":{"start":{"line":91,"column":17},"end":{"line":91,"column":34}}},"5":{"name":"(anonymous_5)","line":95,"loc":{"start":{"line":95,"column":12},"end":{"line":95,"column":30}}}},"statementMap":{"1":{"start":{"line":1,"column":0},"end":{"line":1,"column":35}},"2":{"start":{"line":2,"column":0},"end":{"line":2,"column":29}},"3":{"start":{"line":3,"column":0},"end":{"line":3,"column":46}},"4":{"start":{"line":4,"column":0},"end":{"line":4,"column":42}},"5":{"start":{"line":5,"column":0},"end":{"line":5,"column":45}},"6":{"start":{"line":6,"column":0},"end":{"line":6,"column":54}},"7":{"start":{"line":7,"column":0},"end":{"line":7,"column":39}},"8":{"start":{"line":8,"column":0},"end":{"line":8,"column":43}},"9":{"start":{"line":9,"column":0},"end":{"line":9,"column":37}},"10":{"start":{"line":10,"column":0},"end":{"line":10,"column":57}},"11":{"start":{"line":11,"column":0},"end":{"line":11,"column":37}},"12":{"start":{"line":14,"column":0},"end":{"line":14,"column":52}},"13":{"start":{"line":15,"column":0},"end":{"line":15,"column":27}},"14":{"start":{"line":18,"column":0},"end":{"line":18,"column":39}},"15":{"start":{"line":19,"column":0},"end":{"line":19,"column":38}},"16":{"start":{"line":20,"column":0},"end":{"line":20,"column":42}},"17":{"start":{"line":23,"column":0},"end":{"line":23,"column":20}},"18":{"start":{"line":26,"column":0},"end":{"line":26,"column":48}},"19":{"start":{"line":27,"column":0},"end":{"line":27,"column":110}},"20":{"start":{"line":28,"column":0},"end":{"line":28,"column":37}},"21":{"start":{"line":31,"column":0},"end":{"line":31,"column":27}},"22":{"start":{"line":32,"column":0},"end":{"line":32,"column":52}},"23":{"start":{"line":33,"column":0},"end":{"line":33,"column":24}},"24":{"start":{"line":36,"column":0},"end":{"line":36,"column":56}},"25":{"start":{"line":39,"column":0},"end":{"line":43,"column":4}},"26":{"start":{"line":46,"column":0},"end":{"line":46,"column":31}},"27":{"start":{"line":47,"column":0},"end":{"line":47,"column":28}},"28":{"start":{"line":50,"column":0},"end":{"line":65,"column":4}},"29":{"start":{"line":52,"column":4},"end":{"line":54,"column":23}},"30":{"start":{"line":56,"column":4},"end":{"line":58,"column":5}},"31":{"start":{"line":57,"column":6},"end":{"line":57,"column":49}},"32":{"start":{"line":59,"column":4},"end":{"line":63,"column":6}},"33":{"start":{"line":68,"column":0},"end":{"line":68,"column":17}},"34":{"start":{"line":71,"column":0},"end":{"line":77,"column":3}},"35":{"start":{"line":72,"column":2},"end":{"line":72,"column":52}},"36":{"start":{"line":73,"column":2},"end":{"line":73,"column":48}},"37":{"start":{"line":74,"column":2},"end":{"line":74,"column":40}},"38":{"start":{"line":75,"column":2},"end":{"line":75,"column":37}},"39":{"start":{"line":76,"column":2},"end":{"line":76,"column":9}},"40":{"start":{"line":80,"column":0},"end":{"line":80,"column":21}},"41":{"start":{"line":81,"column":0},"end":{"line":81,"column":25}},"42":{"start":{"line":82,"column":0},"end":{"line":82,"column":30}},"43":{"start":{"line":85,"column":0},"end":{"line":85,"column":44}},"44":{"start":{"line":87,"column":0},"end":{"line":89,"column":3}},"45":{"start":{"line":88,"column":2},"end":{"line":88,"column":57}},"46":{"start":{"line":91,"column":0},"end":{"line":93,"column":3}},"47":{"start":{"line":92,"column":2},"end":{"line":92,"column":51}},"48":{"start":{"line":95,"column":0},"end":{"line":97,"column":3}},"49":{"start":{"line":96,"column":2},"end":{"line":96,"column":25}}},"branchMap":{"1":{"line":75,"type":"binary-expr","locations":[{"start":{"line":75,"column":20},"end":{"line":75,"column":28}},{"start":{"line":75,"column":32},"end":{"line":75,"column":36}}]},"2":{"line":85,"type":"binary-expr","locations":[{"start":{"line":85,"column":17},"end":{"line":85,"column":33}},{"start":{"line":85,"column":37},"end":{"line":85,"column":41}}]}}},"C:\\Users\\SECONDARY\\Documents\\auction-away\\routes\\index.js":{"path":"C:\\Users\\SECONDARY\\Documents\\auction-away\\routes\\index.js","s":{"1":1,"2":1,"3":1,"4":1,"5":0,"6":0,"7":0,"8":0,"9":0,"10":0,"11":0,"12":1},"b":{"1":[0,0]},"f":{"1":0},"fnMap":{"1":{"name":"(anonymous_1)","line":6,"loc":{"start":{"line":6,"column":16},"end":{"line":6,"column":34}}}},"statementMap":{"1":{"start":{"line":1,"column":0},"end":{"line":1,"column":35}},"2":{"start":{"line":2,"column":0},"end":{"line":2,"column":32}},"3":{"start":{"line":3,"column":0},"end":{"line":3,"column":35}},"4":{"start":{"line":6,"column":0},"end":{"line":17,"column":3}},"5":{"start":{"line":7,"column":2},"end":{"line":16,"column":5}},"6":{"start":{"line":8,"column":4},"end":{"line":15,"column":5}},"7":{"start":{"line":9,"column":6},"end":{"line":9,"column":36}},"8":{"start":{"line":10,"column":6},"end":{"line":10,"column":81}},"9":{"start":{"line":12,"column":6},"end":{"line":12,"column":23}},"10":{"start":{"line":13,"column":6},"end":{"line":13,"column":34}},"11":{"start":{"line":14,"column":6},"end":{"line":14,"column":29}},"12":{"start":{"line":19,"column":0},"end":{"line":19,"column":24}}},"branchMap":{"1":{"line":8,"type":"if","locations":[{"start":{"line":8,"column":4},"end":{"line":8,"column":4}},{"start":{"line":8,"column":4},"end":{"line":8,"column":4}}]}}},"C:\\Users\\SECONDARY\\Documents\\auction-away\\routes\\users.js":{"path":"C:\\Users\\SECONDARY\\Documents\\auction-away\\routes\\users.js","s":{"1":1,"2":1,"3":1,"4":1,"5":1,"6":1,"7":1,"8":0,"9":1,"10":0,"11":1,"12":0,"13":0,"14":0,"15":0,"16":0,"17":0,"18":0,"19":0,"20":0,"21":0,"22":0,"23":0,"24":0,"25":0,"26":0,"27":0,"28":0,"29":0,"30":0,"31":0,"32":0,"33":0,"34":0,"35":0,"36":0,"37":1,"38":0,"39":0,"40":0,"41":0,"42":0,"43":0,"44":0,"45":0,"46":0,"47":0,"48":0,"49":0,"50":0,"51":0,"52":0,"53":1,"54":0,"55":1,"56":0,"57":0,"58":1,"59":0,"60":1,"61":0,"62":0,"63":0,"64":1,"65":0,"66":0,"67":0,"68":0,"69":0,"70":0,"71":0,"72":0,"73":0,"74":0,"75":0,"76":0,"77":0,"78":0,"79":0,"80":0,"81":1,"82":0,"83":0,"84":0,"85":0,"86":0,"87":0,"88":0,"89":0,"90":0,"91":0,"92":0,"93":0,"94":0,"95":0,"96":0,"97":0,"98":0,"99":0,"100":0,"101":0,"102":0,"103":1,"104":0,"105":0,"106":0,"107":0,"108":1},"b":{"1":[0,0],"2":[0,0],"3":[0,0],"4":[0,0],"5":[0,0],"6":[0,0],"7":[0,0],"8":[0,0],"9":[0,0],"10":[0,0],"11":[0,0],"12":[0,0],"13":[0,0],"14":[0,0]},"f":{"1":0,"2":0,"3":0,"4":0,"5":0,"6":0,"7":0,"8":0,"9":0,"10":0,"11":0,"12":0,"13":0,"14":0,"15":0,"16":0},"fnMap":{"1":{"name":"(anonymous_1)","line":10,"loc":{"start":{"line":10,"column":24},"end":{"line":10,"column":42}}},"2":{"name":"(anonymous_2)","line":15,"loc":{"start":{"line":15,"column":21},"end":{"line":15,"column":39}}},"3":{"name":"(anonymous_3)","line":20,"loc":{"start":{"line":20,"column":25},"end":{"line":20,"column":43}}},"4":{"name":"(anonymous_4)","line":50,"loc":{"start":{"line":50,"column":29},"end":{"line":50,"column":48}}},"5":{"name":"(anonymous_5)","line":65,"loc":{"start":{"line":65,"column":2},"end":{"line":65,"column":37}}},"6":{"name":"(anonymous_6)","line":66,"loc":{"start":{"line":66,"column":37},"end":{"line":66,"column":56}}},"7":{"name":"(anonymous_7)","line":75,"loc":{"start":{"line":75,"column":54},"end":{"line":75,"column":76}}},"8":{"name":"(anonymous_8)","line":92,"loc":{"start":{"line":92,"column":25},"end":{"line":92,"column":46}}},"9":{"name":"(anonymous_9)","line":96,"loc":{"start":{"line":96,"column":27},"end":{"line":96,"column":46}}},"10":{"name":"(anonymous_10)","line":97,"loc":{"start":{"line":97,"column":25},"end":{"line":97,"column":45}}},"11":{"name":"(anonymous_11)","line":102,"loc":{"start":{"line":102,"column":141},"end":{"line":102,"column":159}}},"12":{"name":"(anonymous_12)","line":106,"loc":{"start":{"line":106,"column":24},"end":{"line":106,"column":42}}},"13":{"name":"(anonymous_13)","line":112,"loc":{"start":{"line":112,"column":44},"end":{"line":112,"column":61}}},"14":{"name":"(anonymous_14)","line":141,"loc":{"start":{"line":141,"column":27},"end":{"line":141,"column":45}}},"15":{"name":"(anonymous_15)","line":149,"loc":{"start":{"line":149,"column":20},"end":{"line":149,"column":33}}},"16":{"name":"ensureAuthenticated","line":170,"loc":{"start":{"line":170,"column":2},"end":{"line":170,"column":46}}}},"statementMap":{"1":{"start":{"line":1,"column":0},"end":{"line":1,"column":35}},"2":{"start":{"line":2,"column":0},"end":{"line":2,"column":32}},"3":{"start":{"line":3,"column":0},"end":{"line":3,"column":37}},"4":{"start":{"line":4,"column":0},"end":{"line":4,"column":57}},"5":{"start":{"line":5,"column":0},"end":{"line":5,"column":35}},"6":{"start":{"line":7,"column":0},"end":{"line":7,"column":37}},"7":{"start":{"line":10,"column":0},"end":{"line":12,"column":3}},"8":{"start":{"line":11,"column":2},"end":{"line":11,"column":59}},"9":{"start":{"line":15,"column":0},"end":{"line":17,"column":3}},"10":{"start":{"line":16,"column":2},"end":{"line":16,"column":53}},"11":{"start":{"line":20,"column":0},"end":{"line":62,"column":3}},"12":{"start":{"line":21,"column":2},"end":{"line":21,"column":37}},"13":{"start":{"line":22,"column":2},"end":{"line":22,"column":35}},"14":{"start":{"line":23,"column":2},"end":{"line":23,"column":35}},"15":{"start":{"line":24,"column":2},"end":{"line":24,"column":29}},"16":{"start":{"line":25,"column":2},"end":{"line":25,"column":35}},"17":{"start":{"line":26,"column":2},"end":{"line":26,"column":37}},"18":{"start":{"line":29,"column":2},"end":{"line":29,"column":66}},"19":{"start":{"line":30,"column":2},"end":{"line":30,"column":64}},"20":{"start":{"line":31,"column":2},"end":{"line":31,"column":57}},"21":{"start":{"line":32,"column":2},"end":{"line":32,"column":57}},"22":{"start":{"line":33,"column":2},"end":{"line":33,"column":63}},"23":{"start":{"line":34,"column":2},"end":{"line":34,"column":63}},"24":{"start":{"line":35,"column":2},"end":{"line":35,"column":81}},"25":{"start":{"line":37,"column":2},"end":{"line":37,"column":38}},"26":{"start":{"line":39,"column":2},"end":{"line":61,"column":3}},"27":{"start":{"line":40,"column":4},"end":{"line":40,"column":75}},"28":{"start":{"line":42,"column":4},"end":{"line":48,"column":7}},"29":{"start":{"line":50,"column":4},"end":{"line":58,"column":7}},"30":{"start":{"line":51,"column":6},"end":{"line":57,"column":7}},"31":{"start":{"line":52,"column":8},"end":{"line":52,"column":25}},"32":{"start":{"line":53,"column":8},"end":{"line":53,"column":41}},"33":{"start":{"line":54,"column":8},"end":{"line":54,"column":40}},"34":{"start":{"line":56,"column":8},"end":{"line":56,"column":26}},"35":{"start":{"line":59,"column":4},"end":{"line":59,"column":69}},"36":{"start":{"line":60,"column":4},"end":{"line":60,"column":33}},"37":{"start":{"line":64,"column":0},"end":{"line":90,"column":6}},"38":{"start":{"line":66,"column":4},"end":{"line":89,"column":7}},"39":{"start":{"line":67,"column":6},"end":{"line":88,"column":7}},"40":{"start":{"line":68,"column":8},"end":{"line":68,"column":25}},"41":{"start":{"line":69,"column":8},"end":{"line":69,"column":41}},"42":{"start":{"line":70,"column":8},"end":{"line":70,"column":37}},"43":{"start":{"line":72,"column":8},"end":{"line":74,"column":9}},"44":{"start":{"line":73,"column":10},"end":{"line":73,"column":62}},"45":{"start":{"line":75,"column":8},"end":{"line":87,"column":11}},"46":{"start":{"line":76,"column":10},"end":{"line":86,"column":11}},"47":{"start":{"line":77,"column":12},"end":{"line":77,"column":29}},"48":{"start":{"line":78,"column":12},"end":{"line":78,"column":45}},"49":{"start":{"line":79,"column":12},"end":{"line":79,"column":41}},"50":{"start":{"line":81,"column":12},"end":{"line":85,"column":13}},"51":{"start":{"line":82,"column":14},"end":{"line":82,"column":38}},"52":{"start":{"line":84,"column":14},"end":{"line":84,"column":70}},"53":{"start":{"line":92,"column":2},"end":{"line":94,"column":5}},"54":{"start":{"line":93,"column":4},"end":{"line":93,"column":24}},"55":{"start":{"line":96,"column":2},"end":{"line":100,"column":5}},"56":{"start":{"line":97,"column":4},"end":{"line":99,"column":7}},"57":{"start":{"line":98,"column":6},"end":{"line":98,"column":22}},"58":{"start":{"line":102,"column":2},"end":{"line":104,"column":5}},"59":{"start":{"line":103,"column":4},"end":{"line":103,"column":35}},"60":{"start":{"line":106,"column":2},"end":{"line":110,"column":5}},"61":{"start":{"line":107,"column":4},"end":{"line":107,"column":17}},"62":{"start":{"line":108,"column":4},"end":{"line":108,"column":51}},"63":{"start":{"line":109,"column":4},"end":{"line":109,"column":22}},"64":{"start":{"line":112,"column":2},"end":{"line":135,"column":5}},"65":{"start":{"line":113,"column":4},"end":{"line":113,"column":24}},"66":{"start":{"line":114,"column":4},"end":{"line":134,"column":7}},"67":{"start":{"line":115,"column":6},"end":{"line":133,"column":7}},"68":{"start":{"line":116,"column":8},"end":{"line":116,"column":42}},"69":{"start":{"line":117,"column":8},"end":{"line":117,"column":34}},"70":{"start":{"line":118,"column":8},"end":{"line":127,"column":11}},"71":{"start":{"line":119,"column":10},"end":{"line":126,"column":11}},"72":{"start":{"line":120,"column":12},"end":{"line":120,"column":48}},"73":{"start":{"line":121,"column":12},"end":{"line":121,"column":171}},"74":{"start":{"line":123,"column":12},"end":{"line":123,"column":29}},"75":{"start":{"line":124,"column":12},"end":{"line":124,"column":57}},"76":{"start":{"line":125,"column":12},"end":{"line":125,"column":30}},"77":{"start":{"line":129,"column":8},"end":{"line":129,"column":25}},"78":{"start":{"line":130,"column":8},"end":{"line":130,"column":28}},"79":{"start":{"line":131,"column":8},"end":{"line":131,"column":53}},"80":{"start":{"line":132,"column":8},"end":{"line":132,"column":26}},"81":{"start":{"line":137,"column":2},"end":{"line":168,"column":5}},"82":{"start":{"line":138,"column":4},"end":{"line":138,"column":28}},"83":{"start":{"line":139,"column":4},"end":{"line":139,"column":41}},"84":{"start":{"line":140,"column":4},"end":{"line":167,"column":5}},"85":{"start":{"line":141,"column":6},"end":{"line":163,"column":9}},"86":{"start":{"line":142,"column":8},"end":{"line":146,"column":9}},"87":{"start":{"line":143,"column":10},"end":{"line":143,"column":27}},"88":{"start":{"line":144,"column":10},"end":{"line":144,"column":43}},"89":{"start":{"line":145,"column":10},"end":{"line":145,"column":28}},"90":{"start":{"line":147,"column":8},"end":{"line":162,"column":9}},"91":{"start":{"line":148,"column":10},"end":{"line":148,"column":43}},"92":{"start":{"line":149,"column":10},"end":{"line":158,"column":13}},"93":{"start":{"line":150,"column":12},"end":{"line":157,"column":13}},"94":{"start":{"line":151,"column":14},"end":{"line":151,"column":31}},"95":{"start":{"line":152,"column":14},"end":{"line":152,"column":47}},"96":{"start":{"line":153,"column":14},"end":{"line":153,"column":32}},"97":{"start":{"line":155,"column":14},"end":{"line":155,"column":54}},"98":{"start":{"line":156,"column":14},"end":{"line":156,"column":45}},"99":{"start":{"line":160,"column":10},"end":{"line":160,"column":48}},"100":{"start":{"line":161,"column":10},"end":{"line":161,"column":39}},"101":{"start":{"line":165,"column":6},"end":{"line":165,"column":48}},"102":{"start":{"line":166,"column":6},"end":{"line":166,"column":37}},"103":{"start":{"line":170,"column":2},"end":{"line":177,"column":3}},"104":{"start":{"line":171,"column":4},"end":{"line":176,"column":5}},"105":{"start":{"line":172,"column":6},"end":{"line":172,"column":20}},"106":{"start":{"line":174,"column":6},"end":{"line":174,"column":53}},"107":{"start":{"line":175,"column":6},"end":{"line":175,"column":35}},"108":{"start":{"line":178,"column":2},"end":{"line":178,"column":26}}},"branchMap":{"1":{"line":39,"type":"if","locations":[{"start":{"line":39,"column":2},"end":{"line":39,"column":2}},{"start":{"line":39,"column":2},"end":{"line":39,"column":2}}]},"2":{"line":51,"type":"if","locations":[{"start":{"line":51,"column":6},"end":{"line":51,"column":6}},{"start":{"line":51,"column":6},"end":{"line":51,"column":6}}]},"3":{"line":67,"type":"if","locations":[{"start":{"line":67,"column":6},"end":{"line":67,"column":6}},{"start":{"line":67,"column":6},"end":{"line":67,"column":6}}]},"4":{"line":72,"type":"if","locations":[{"start":{"line":72,"column":8},"end":{"line":72,"column":8}},{"start":{"line":72,"column":8},"end":{"line":72,"column":8}}]},"5":{"line":76,"type":"if","locations":[{"start":{"line":76,"column":10},"end":{"line":76,"column":10}},{"start":{"line":76,"column":10},"end":{"line":76,"column":10}}]},"6":{"line":81,"type":"if","locations":[{"start":{"line":81,"column":12},"end":{"line":81,"column":12}},{"start":{"line":81,"column":12},"end":{"line":81,"column":12}}]},"7":{"line":115,"type":"if","locations":[{"start":{"line":115,"column":6},"end":{"line":115,"column":6}},{"start":{"line":115,"column":6},"end":{"line":115,"column":6}}]},"8":{"line":119,"type":"if","locations":[{"start":{"line":119,"column":10},"end":{"line":119,"column":10}},{"start":{"line":119,"column":10},"end":{"line":119,"column":10}}]},"9":{"line":140,"type":"if","locations":[{"start":{"line":140,"column":4},"end":{"line":140,"column":4}},{"start":{"line":140,"column":4},"end":{"line":140,"column":4}}]},"10":{"line":140,"type":"binary-expr","locations":[{"start":{"line":140,"column":7},"end":{"line":140,"column":21}},{"start":{"line":140,"column":25},"end":{"line":140,"column":33}}]},"11":{"line":142,"type":"if","locations":[{"start":{"line":142,"column":8},"end":{"line":142,"column":8}},{"start":{"line":142,"column":8},"end":{"line":142,"column":8}}]},"12":{"line":147,"type":"if","locations":[{"start":{"line":147,"column":8},"end":{"line":147,"column":8}},{"start":{"line":147,"column":8},"end":{"line":147,"column":8}}]},"13":{"line":150,"type":"if","locations":[{"start":{"line":150,"column":12},"end":{"line":150,"column":12}},{"start":{"line":150,"column":12},"end":{"line":150,"column":12}}]},"14":{"line":171,"type":"if","locations":[{"start":{"line":171,"column":4},"end":{"line":171,"column":4}},{"start":{"line":171,"column":4},"end":{"line":171,"column":4}}]}}},"C:\\Users\\SECONDARY\\Documents\\auction-away\\models\\user.js":{"path":"C:\\Users\\SECONDARY\\Documents\\auction-away\\models\\user.js","s":{"1":1,"2":1,"3":1,"4":1,"5":1,"6":1,"7":0,"8":0,"9":0,"10":0,"11":0,"12":1,"13":0,"14":0,"15":1,"16":0,"17":1,"18":0,"19":0,"20":0,"21":0},"b":{"1":[0,0],"2":[0,0]},"f":{"1":0,"2":0,"3":0,"4":0,"5":0},"fnMap":{"1":{"name":"(anonymous_1)","line":49,"loc":{"start":{"line":49,"column":44},"end":{"line":49,"column":64}}},"2":{"name":"(anonymous_2)","line":78,"loc":{"start":{"line":78,"column":35},"end":{"line":78,"column":63}}},"3":{"name":"(anonymous_3)","line":83,"loc":{"start":{"line":83,"column":29},"end":{"line":83,"column":51}}},"4":{"name":"(anonymous_4)","line":87,"loc":{"start":{"line":87,"column":33},"end":{"line":87,"column":76}}},"5":{"name":"(anonymous_5)","line":88,"loc":{"start":{"line":88,"column":41},"end":{"line":88,"column":64}}}},"statementMap":{"1":{"start":{"line":1,"column":0},"end":{"line":1,"column":35}},"2":{"start":{"line":2,"column":0},"end":{"line":2,"column":35}},"3":{"start":{"line":3,"column":0},"end":{"line":3,"column":22}},"4":{"start":{"line":5,"column":0},"end":{"line":39,"column":3}},"5":{"start":{"line":41,"column":0},"end":{"line":41,"column":60}},"6":{"start":{"line":48,"column":0},"end":{"line":76,"column":1}},"7":{"start":{"line":49,"column":2},"end":{"line":56,"column":5}},"8":{"start":{"line":50,"column":4},"end":{"line":55,"column":5}},"9":{"start":{"line":51,"column":6},"end":{"line":51,"column":16}},"10":{"start":{"line":53,"column":6},"end":{"line":53,"column":28}},"11":{"start":{"line":54,"column":6},"end":{"line":54,"column":29}},"12":{"start":{"line":78,"column":0},"end":{"line":81,"column":1}},"13":{"start":{"line":79,"column":1},"end":{"line":79,"column":34}},"14":{"start":{"line":80,"column":1},"end":{"line":80,"column":31}},"15":{"start":{"line":83,"column":0},"end":{"line":85,"column":1}},"16":{"start":{"line":84,"column":1},"end":{"line":84,"column":29}},"17":{"start":{"line":87,"column":0},"end":{"line":94,"column":1}},"18":{"start":{"line":88,"column":1},"end":{"line":93,"column":4}},"19":{"start":{"line":89,"column":5},"end":{"line":91,"column":7}},"20":{"start":{"line":90,"column":8},"end":{"line":90,"column":18}},"21":{"start":{"line":92,"column":5},"end":{"line":92,"column":29}}},"branchMap":{"1":{"line":50,"type":"if","locations":[{"start":{"line":50,"column":4},"end":{"line":50,"column":4}},{"start":{"line":50,"column":4},"end":{"line":50,"column":4}}]},"2":{"line":89,"type":"if","locations":[{"start":{"line":89,"column":5},"end":{"line":89,"column":5}},{"start":{"line":89,"column":5},"end":{"line":89,"column":5}}]}}},"C:\\Users\\SECONDARY\\Documents\\auction-away\\routes\\auctions.js":{"path":"C:\\Users\\SECONDARY\\Documents\\auction-away\\routes\\auctions.js","s":{"1":1,"2":1,"3":1,"4":1,"5":1,"6":1,"7":0,"8":0,"9":0,"10":0,"11":0,"12":1,"13":0,"14":0,"15":0,"16":0,"17":0,"18":1,"19":0,"20":0,"21":0,"22":0,"23":0,"24":0,"25":1,"26":0,"27":0,"28":0,"29":0,"30":0,"31":0,"32":1,"33":0,"34":0,"35":0,"36":0,"37":0,"38":0,"39":1,"40":0,"41":0,"42":0,"43":0,"44":0,"45":0,"46":0,"47":0,"48":1,"49":0,"50":1,"51":0,"52":1,"53":0,"54":0,"55":0,"56":0,"57":0,"58":0,"59":0,"60":0,"61":0,"62":0,"63":0,"64":0,"65":0,"66":0,"67":0,"68":0,"69":0,"70":0,"71":0,"72":0,"73":0,"74":0,"75":0,"76":0,"77":0,"78":0,"79":1,"80":0,"81":0,"82":0,"83":0,"84":0,"85":0,"86":0,"87":0,"88":0,"89":0,"90":0,"91":0,"92":0,"93":0,"94":0,"95":0,"96":0,"97":0,"98":0,"99":0,"100":0,"101":0,"102":0,"103":0,"104":0,"105":0,"106":0,"107":0,"108":0,"109":0,"110":0,"111":1,"112":0,"113":0,"114":0,"115":0,"116":1},"b":{"1":[0,0],"2":[0,0],"3":[0,0],"4":[0,0],"5":[0,0],"6":[0,0],"7":[0,0],"8":[0,0],"9":[0,0,0],"10":[0,0],"11":[0,0],"12":[0,0],"13":[0,0],"14":[0,0],"15":[0,0],"16":[0,0],"17":[0,0,0],"18":[0,0],"19":[0,0]},"f":{"1":0,"2":0,"3":0,"4":0,"5":0},"fnMap":{"1":{"name":"convertDateToUTC","line":100,"loc":{"start":{"line":100,"column":0},"end":{"line":100,"column":32}}},"2":{"name":"(anonymous_2)","line":154,"loc":{"start":{"line":154,"column":25},"end":{"line":154,"column":43}}},"3":{"name":"(anonymous_3)","line":161,"loc":{"start":{"line":161,"column":35},"end":{"line":161,"column":56}}},"4":{"name":"(anonymous_4)","line":170,"loc":{"start":{"line":170,"column":27},"end":{"line":170,"column":40}}},"5":{"name":"ensureAuthenticated","line":197,"loc":{"start":{"line":197,"column":0},"end":{"line":197,"column":44}}}},"statementMap":{"1":{"start":{"line":1,"column":0},"end":{"line":1,"column":35}},"2":{"start":{"line":2,"column":0},"end":{"line":2,"column":32}},"3":{"start":{"line":3,"column":0},"end":{"line":3,"column":35}},"4":{"start":{"line":5,"column":0},"end":{"line":5,"column":37}},"5":{"start":{"line":6,"column":0},"end":{"line":6,"column":43}},"6":{"start":{"line":9,"column":0},"end":{"line":18,"column":3}},"7":{"start":{"line":10,"column":2},"end":{"line":17,"column":5}},"8":{"start":{"line":11,"column":4},"end":{"line":16,"column":5}},"9":{"start":{"line":12,"column":6},"end":{"line":12,"column":23}},"10":{"start":{"line":13,"column":6},"end":{"line":13,"column":16}},"11":{"start":{"line":15,"column":6},"end":{"line":15,"column":25}},"12":{"start":{"line":20,"column":0},"end":{"line":30,"column":3}},"13":{"start":{"line":21,"column":2},"end":{"line":29,"column":5}},"14":{"start":{"line":22,"column":4},"end":{"line":28,"column":5}},"15":{"start":{"line":23,"column":6},"end":{"line":23,"column":23}},"16":{"start":{"line":25,"column":6},"end":{"line":25,"column":16}},"17":{"start":{"line":27,"column":6},"end":{"line":27,"column":25}},"18":{"start":{"line":32,"column":0},"end":{"line":42,"column":3}},"19":{"start":{"line":33,"column":2},"end":{"line":33,"column":24}},"20":{"start":{"line":34,"column":2},"end":{"line":41,"column":5}},"21":{"start":{"line":35,"column":4},"end":{"line":40,"column":5}},"22":{"start":{"line":36,"column":6},"end":{"line":36,"column":23}},"23":{"start":{"line":37,"column":6},"end":{"line":37,"column":16}},"24":{"start":{"line":39,"column":6},"end":{"line":39,"column":24}},"25":{"start":{"line":44,"column":0},"end":{"line":55,"column":3}},"26":{"start":{"line":45,"column":2},"end":{"line":45,"column":30}},"27":{"start":{"line":46,"column":2},"end":{"line":54,"column":5}},"28":{"start":{"line":47,"column":4},"end":{"line":53,"column":5}},"29":{"start":{"line":48,"column":6},"end":{"line":48,"column":23}},"30":{"start":{"line":49,"column":6},"end":{"line":49,"column":16}},"31":{"start":{"line":52,"column":6},"end":{"line":52,"column":25}},"32":{"start":{"line":57,"column":0},"end":{"line":68,"column":3}},"33":{"start":{"line":58,"column":2},"end":{"line":58,"column":29}},"34":{"start":{"line":59,"column":2},"end":{"line":67,"column":5}},"35":{"start":{"line":60,"column":4},"end":{"line":66,"column":5}},"36":{"start":{"line":61,"column":6},"end":{"line":61,"column":23}},"37":{"start":{"line":62,"column":6},"end":{"line":62,"column":16}},"38":{"start":{"line":65,"column":6},"end":{"line":65,"column":25}},"39":{"start":{"line":82,"column":0},"end":{"line":94,"column":3}},"40":{"start":{"line":83,"column":2},"end":{"line":83,"column":24}},"41":{"start":{"line":84,"column":2},"end":{"line":93,"column":5}},"42":{"start":{"line":85,"column":4},"end":{"line":92,"column":5}},"43":{"start":{"line":86,"column":6},"end":{"line":86,"column":35}},"44":{"start":{"line":87,"column":6},"end":{"line":87,"column":83}},"45":{"start":{"line":89,"column":6},"end":{"line":89,"column":23}},"46":{"start":{"line":90,"column":6},"end":{"line":90,"column":50}},"47":{"start":{"line":91,"column":6},"end":{"line":91,"column":24}},"48":{"start":{"line":96,"column":0},"end":{"line":98,"column":3}},"49":{"start":{"line":97,"column":2},"end":{"line":97,"column":67}},"50":{"start":{"line":100,"column":0},"end":{"line":102,"column":1}},"51":{"start":{"line":101,"column":2},"end":{"line":101,"column":144}},"52":{"start":{"line":104,"column":0},"end":{"line":147,"column":3}},"53":{"start":{"line":105,"column":2},"end":{"line":105,"column":27}},"54":{"start":{"line":106,"column":2},"end":{"line":106,"column":41}},"55":{"start":{"line":107,"column":2},"end":{"line":107,"column":35}},"56":{"start":{"line":108,"column":2},"end":{"line":108,"column":41}},"57":{"start":{"line":110,"column":2},"end":{"line":110,"column":55}},"58":{"start":{"line":111,"column":2},"end":{"line":111,"column":73}},"59":{"start":{"line":112,"column":2},"end":{"line":112,"column":64}},"60":{"start":{"line":113,"column":2},"end":{"line":113,"column":69}},"61":{"start":{"line":114,"column":2},"end":{"line":114,"column":38}},"62":{"start":{"line":115,"column":2},"end":{"line":146,"column":3}},"63":{"start":{"line":116,"column":4},"end":{"line":116,"column":83}},"64":{"start":{"line":118,"column":4},"end":{"line":118,"column":52}},"65":{"start":{"line":119,"column":4},"end":{"line":119,"column":82}},"66":{"start":{"line":120,"column":4},"end":{"line":120,"column":32}},"67":{"start":{"line":121,"column":4},"end":{"line":145,"column":5}},"68":{"start":{"line":122,"column":6},"end":{"line":130,"column":9}},"69":{"start":{"line":131,"column":6},"end":{"line":141,"column":9}},"70":{"start":{"line":132,"column":8},"end":{"line":132,"column":29}},"71":{"start":{"line":133,"column":8},"end":{"line":140,"column":9}},"72":{"start":{"line":134,"column":10},"end":{"line":134,"column":27}},"73":{"start":{"line":135,"column":10},"end":{"line":135,"column":55}},"74":{"start":{"line":136,"column":10},"end":{"line":136,"column":47}},"75":{"start":{"line":138,"column":10},"end":{"line":138,"column":64}},"76":{"start":{"line":139,"column":10},"end":{"line":139,"column":60}},"77":{"start":{"line":143,"column":6},"end":{"line":143,"column":45}},"78":{"start":{"line":144,"column":6},"end":{"line":144,"column":43}},"79":{"start":{"line":149,"column":0},"end":{"line":195,"column":3}},"80":{"start":{"line":150,"column":2},"end":{"line":150,"column":26}},"81":{"start":{"line":151,"column":2},"end":{"line":151,"column":35}},"82":{"start":{"line":152,"column":2},"end":{"line":152,"column":45}},"83":{"start":{"line":153,"column":2},"end":{"line":194,"column":3}},"84":{"start":{"line":154,"column":4},"end":{"line":190,"column":7}},"85":{"start":{"line":155,"column":6},"end":{"line":159,"column":7}},"86":{"start":{"line":156,"column":8},"end":{"line":156,"column":25}},"87":{"start":{"line":157,"column":8},"end":{"line":157,"column":41}},"88":{"start":{"line":158,"column":8},"end":{"line":158,"column":26}},"89":{"start":{"line":160,"column":6},"end":{"line":189,"column":7}},"90":{"start":{"line":161,"column":8},"end":{"line":185,"column":11}},"91":{"start":{"line":162,"column":10},"end":{"line":184,"column":11}},"92":{"start":{"line":163,"column":12},"end":{"line":163,"column":29}},"93":{"start":{"line":164,"column":12},"end":{"line":164,"column":45}},"94":{"start":{"line":165,"column":12},"end":{"line":165,"column":30}},"95":{"start":{"line":167,"column":12},"end":{"line":183,"column":13}},"96":{"start":{"line":168,"column":14},"end":{"line":168,"column":41}},"97":{"start":{"line":169,"column":14},"end":{"line":169,"column":39}},"98":{"start":{"line":170,"column":14},"end":{"line":179,"column":17}},"99":{"start":{"line":171,"column":16},"end":{"line":178,"column":17}},"100":{"start":{"line":172,"column":18},"end":{"line":172,"column":35}},"101":{"start":{"line":173,"column":18},"end":{"line":173,"column":51}},"102":{"start":{"line":174,"column":18},"end":{"line":174,"column":65}},"103":{"start":{"line":176,"column":18},"end":{"line":176,"column":61}},"104":{"start":{"line":177,"column":18},"end":{"line":177,"column":65}},"105":{"start":{"line":181,"column":14},"end":{"line":181,"column":58}},"106":{"start":{"line":182,"column":14},"end":{"line":182,"column":61}},"107":{"start":{"line":187,"column":8},"end":{"line":187,"column":46}},"108":{"start":{"line":188,"column":8},"end":{"line":188,"column":37}},"109":{"start":{"line":192,"column":4},"end":{"line":192,"column":50}},"110":{"start":{"line":193,"column":4},"end":{"line":193,"column":49}},"111":{"start":{"line":197,"column":0},"end":{"line":204,"column":1}},"112":{"start":{"line":198,"column":2},"end":{"line":203,"column":3}},"113":{"start":{"line":199,"column":4},"end":{"line":199,"column":18}},"114":{"start":{"line":201,"column":4},"end":{"line":201,"column":51}},"115":{"start":{"line":202,"column":4},"end":{"line":202,"column":33}},"116":{"start":{"line":207,"column":0},"end":{"line":207,"column":22}}},"branchMap":{"1":{"line":11,"type":"if","locations":[{"start":{"line":11,"column":4},"end":{"line":11,"column":4}},{"start":{"line":11,"column":4},"end":{"line":11,"column":4}}]},"2":{"line":22,"type":"if","locations":[{"start":{"line":22,"column":4},"end":{"line":22,"column":4}},{"start":{"line":22,"column":4},"end":{"line":22,"column":4}}]},"3":{"line":35,"type":"if","locations":[{"start":{"line":35,"column":4},"end":{"line":35,"column":4}},{"start":{"line":35,"column":4},"end":{"line":35,"column":4}}]},"4":{"line":47,"type":"if","locations":[{"start":{"line":47,"column":4},"end":{"line":47,"column":4}},{"start":{"line":47,"column":4},"end":{"line":47,"column":4}}]},"5":{"line":60,"type":"if","locations":[{"start":{"line":60,"column":4},"end":{"line":60,"column":4}},{"start":{"line":60,"column":4},"end":{"line":60,"column":4}}]},"6":{"line":85,"type":"if","locations":[{"start":{"line":85,"column":4},"end":{"line":85,"column":4}},{"start":{"line":85,"column":4},"end":{"line":85,"column":4}}]},"7":{"line":115,"type":"if","locations":[{"start":{"line":115,"column":2},"end":{"line":115,"column":2}},{"start":{"line":115,"column":2},"end":{"line":115,"column":2}}]},"8":{"line":121,"type":"if","locations":[{"start":{"line":121,"column":4},"end":{"line":121,"column":4}},{"start":{"line":121,"column":4},"end":{"line":121,"column":4}}]},"9":{"line":121,"type":"binary-expr","locations":[{"start":{"line":121,"column":7},"end":{"line":121,"column":23}},{"start":{"line":121,"column":27},"end":{"line":121,"column":37}},{"start":{"line":121,"column":41},"end":{"line":121,"column":67}}]},"10":{"line":133,"type":"if","locations":[{"start":{"line":133,"column":8},"end":{"line":133,"column":8}},{"start":{"line":133,"column":8},"end":{"line":133,"column":8}}]},"11":{"line":153,"type":"if","locations":[{"start":{"line":153,"column":2},"end":{"line":153,"column":2}},{"start":{"line":153,"column":2},"end":{"line":153,"column":2}}]},"12":{"line":153,"type":"binary-expr","locations":[{"start":{"line":153,"column":5},"end":{"line":153,"column":22}},{"start":{"line":153,"column":26},"end":{"line":153,"column":37}}]},"13":{"line":155,"type":"if","locations":[{"start":{"line":155,"column":6},"end":{"line":155,"column":6}},{"start":{"line":155,"column":6},"end":{"line":155,"column":6}}]},"14":{"line":160,"type":"if","locations":[{"start":{"line":160,"column":6},"end":{"line":160,"column":6}},{"start":{"line":160,"column":6},"end":{"line":160,"column":6}}]},"15":{"line":162,"type":"if","locations":[{"start":{"line":162,"column":10},"end":{"line":162,"column":10}},{"start":{"line":162,"column":10},"end":{"line":162,"column":10}}]},"16":{"line":167,"type":"if","locations":[{"start":{"line":167,"column":12},"end":{"line":167,"column":12}},{"start":{"line":167,"column":12},"end":{"line":167,"column":12}}]},"17":{"line":167,"type":"binary-expr","locations":[{"start":{"line":167,"column":15},"end":{"line":167,"column":41}},{"start":{"line":167,"column":45},"end":{"line":167,"column":82}},{"start":{"line":167,"column":86},"end":{"line":167,"column":102}}]},"18":{"line":171,"type":"if","locations":[{"start":{"line":171,"column":16},"end":{"line":171,"column":16}},{"start":{"line":171,"column":16},"end":{"line":171,"column":16}}]},"19":{"line":198,"type":"if","locations":[{"start":{"line":198,"column":2},"end":{"line":198,"column":2}},{"start":{"line":198,"column":2},"end":{"line":198,"column":2}}]}}},"C:\\Users\\SECONDARY\\Documents\\auction-away\\models\\auction.js":{"path":"C:\\Users\\SECONDARY\\Documents\\auction-away\\models\\auction.js","s":{"1":1,"2":1,"3":1,"4":1,"5":0,"6":1,"7":0,"8":0,"9":1,"10":0,"11":1,"12":0,"13":1,"14":0,"15":0,"16":1,"17":0,"18":0,"19":1,"20":0,"21":0},"b":{},"f":{},"fnMap":{},"statementMap":{"1":{"start":{"line":1,"column":0},"end":{"line":1,"column":35}},"2":{"start":{"line":3,"column":0},"end":{"line":48,"column":3}},"3":{"start":{"line":50,"column":0},"end":{"line":50,"column":69}},"4":{"start":{"line":53,"column":0},"end":{"line":55,"column":1}},"5":{"start":{"line":54,"column":2},"end":{"line":54,"column":38}},"6":{"start":{"line":58,"column":0},"end":{"line":63,"column":1}},"7":{"start":{"line":59,"column":2},"end":{"line":61,"column":4}},"8":{"start":{"line":62,"column":2},"end":{"line":62,"column":69}},"9":{"start":{"line":66,"column":0},"end":{"line":68,"column":1}},"10":{"start":{"line":67,"column":2},"end":{"line":67,"column":32}},"11":{"start":{"line":71,"column":0},"end":{"line":73,"column":1}},"12":{"start":{"line":72,"column":2},"end":{"line":72,"column":35}},"13":{"start":{"line":75,"column":0},"end":{"line":80,"column":1}},"14":{"start":{"line":76,"column":2},"end":{"line":78,"column":4}},"15":{"start":{"line":79,"column":2},"end":{"line":79,"column":33}},"16":{"start":{"line":83,"column":0},"end":{"line":88,"column":1}},"17":{"start":{"line":84,"column":2},"end":{"line":86,"column":4}},"18":{"start":{"line":87,"column":2},"end":{"line":87,"column":69}},"19":{"start":{"line":91,"column":0},"end":{"line":96,"column":1}},"20":{"start":{"line":92,"column":2},"end":{"line":94,"column":4}},"21":{"start":{"line":95,"column":2},"end":{"line":95,"column":69}}},"branchMap":{}},"C:\\Users\\SECONDARY\\Documents\\auction-away\\public\\js\\helpers.js":{"path":"C:\\Users\\SECONDARY\\Documents\\auction-away\\public\\js\\helpers.js","s":{"1":1,"2":1,"3":0,"4":0,"5":0,"6":1,"7":0,"8":0,"9":1,"10":1,"11":1},"b":{"1":[0,0],"2":[0,1],"3":[1,0]},"f":{"1":1,"2":0},"fnMap":{"1":{"name":"(anonymous_1)","line":1,"loc":{"start":{"line":1,"column":15},"end":{"line":1,"column":36}}},"2":{"name":"(anonymous_2)","line":4,"loc":{"start":{"line":4,"column":10},"end":{"line":4,"column":33}}}},"statementMap":{"1":{"start":{"line":1,"column":0},"end":{"line":25,"column":2}},"2":{"start":{"line":2,"column":2},"end":{"line":13,"column":4}},"3":{"start":{"line":5,"column":6},"end":{"line":7,"column":7}},"4":{"start":{"line":6,"column":8},"end":{"line":6,"column":32}},"5":{"start":{"line":8,"column":6},"end":{"line":8,"column":35}},"6":{"start":{"line":15,"column":2},"end":{"line":23,"column":3}},"7":{"start":{"line":17,"column":4},"end":{"line":19,"column":5}},"8":{"start":{"line":18,"column":6},"end":{"line":18,"column":53}},"9":{"start":{"line":22,"column":4},"end":{"line":22,"column":19}},"10":{"start":{"line":27,"column":0},"end":{"line":27,"column":35}},"11":{"start":{"line":28,"column":0},"end":{"line":28,"column":40}}},"branchMap":{"1":{"line":5,"type":"if","locations":[{"start":{"line":5,"column":6},"end":{"line":5,"column":6}},{"start":{"line":5,"column":6},"end":{"line":5,"column":6}}]},"2":{"line":15,"type":"if","locations":[{"start":{"line":15,"column":2},"end":{"line":15,"column":2}},{"start":{"line":15,"column":2},"end":{"line":15,"column":2}}]},"3":{"line":15,"type":"binary-expr","locations":[{"start":{"line":15,"column":6},"end":{"line":15,"column":16}},{"start":{"line":15,"column":20},"end":{"line":15,"column":67}}]}}}}