TN:
SF:C:\Users\SECONDARY\Documents\auction-away\app.js
FN:51,(anonymous_1)
FN:71,(anonymous_2)
FN:87,(anonymous_3)
FN:91,(anonymous_4)
FN:95,(anonymous_5)
FNF:5
FNH:0
FNDA:0,(anonymous_1)
FNDA:0,(anonymous_2)
FNDA:0,(anonymous_3)
FNDA:0,(anonymous_4)
FNDA:0,(anonymous_5)
DA:1,1
DA:2,1
DA:3,1
DA:4,1
DA:5,1
DA:6,1
DA:7,1
DA:8,1
DA:9,1
DA:10,1
DA:11,1
DA:14,1
DA:15,1
DA:18,1
DA:19,1
DA:20,1
DA:23,1
DA:26,1
DA:27,1
DA:28,1
DA:31,1
DA:32,1
DA:33,1
DA:36,1
DA:39,1
DA:46,1
DA:47,1
DA:50,1
DA:52,0
DA:56,0
DA:57,0
DA:59,0
DA:68,1
DA:71,1
DA:72,0
DA:73,0
DA:74,0
DA:75,0
DA:76,0
DA:80,1
DA:81,1
DA:82,1
DA:85,1
DA:87,1
DA:88,0
DA:91,1
DA:92,0
DA:95,1
DA:96,0
LF:49
LH:37
BRDA:75,1,0,0
BRDA:75,1,1,0
BRDA:85,2,0,1
BRDA:85,2,1,1
BRF:4
BRH:2
end_of_record
TN:
SF:C:\Users\SECONDARY\Documents\auction-away\routes\index.js
FN:6,(anonymous_1)
FNF:1
FNH:0
FNDA:0,(anonymous_1)
DA:1,1
DA:2,1
DA:3,1
DA:6,1
DA:7,0
DA:8,0
DA:9,0
DA:10,0
DA:12,0
DA:13,0
DA:14,0
DA:19,1
LF:12
LH:5
BRDA:8,1,0,0
BRDA:8,1,1,0
BRF:2
BRH:0
end_of_record
TN:
SF:C:\Users\SECONDARY\Documents\auction-away\routes\users.js
FN:10,(anonymous_1)
FN:15,(anonymous_2)
FN:20,(anonymous_3)
FN:50,(anonymous_4)
FN:65,(anonymous_5)
FN:66,(anonymous_6)
FN:75,(anonymous_7)
FN:92,(anonymous_8)
FN:96,(anonymous_9)
FN:97,(anonymous_10)
FN:102,(anonymous_11)
FN:106,(anonymous_12)
FN:112,(anonymous_13)
FN:141,(anonymous_14)
FN:149,(anonymous_15)
FN:170,ensureAuthenticated
FNF:16
FNH:0
FNDA:0,(anonymous_1)
FNDA:0,(anonymous_2)
FNDA:0,(anonymous_3)
FNDA:0,(anonymous_4)
FNDA:0,(anonymous_5)
FNDA:0,(anonymous_6)
FNDA:0,(anonymous_7)
FNDA:0,(anonymous_8)
FNDA:0,(anonymous_9)
FNDA:0,(anonymous_10)
FNDA:0,(anonymous_11)
FNDA:0,(anonymous_12)
FNDA:0,(anonymous_13)
FNDA:0,(anonymous_14)
FNDA:0,(anonymous_15)
FNDA:0,ensureAuthenticated
DA:1,1
DA:2,1
DA:3,1
DA:4,1
DA:5,1
DA:7,1
DA:10,1
DA:11,0
DA:15,1
DA:16,0
DA:20,1
DA:21,0
DA:22,0
DA:23,0
DA:24,0
DA:25,0
DA:26,0
DA:29,0
DA:30,0
DA:31,0
DA:32,0
DA:33,0
DA:34,0
DA:35,0
DA:37,0
DA:39,0
DA:40,0
DA:42,0
DA:50,0
DA:51,0
DA:52,0
DA:53,0
DA:54,0
DA:56,0
DA:59,0
DA:60,0
DA:64,1
DA:66,0
DA:67,0
DA:68,0
DA:69,0
DA:70,0
DA:72,0
DA:73,0
DA:75,0
DA:76,0
DA:77,0
DA:78,0
DA:79,0
DA:81,0
DA:82,0
DA:84,0
DA:92,1
DA:93,0
DA:96,1
DA:97,0
DA:98,0
DA:102,1
DA:103,0
DA:106,1
DA:107,0
DA:108,0
DA:109,0
DA:112,1
DA:113,0
DA:114,0
DA:115,0
DA:116,0
DA:117,0
DA:118,0
DA:119,0
DA:120,0
DA:121,0
DA:123,0
DA:124,0
DA:125,0
DA:129,0
DA:130,0
DA:131,0
DA:132,0
DA:137,1
DA:138,0
DA:139,0
DA:140,0
DA:141,0
DA:142,0
DA:143,0
DA:144,0
DA:145,0
DA:147,0
DA:148,0
DA:149,0
DA:150,0
DA:151,0
DA:152,0
DA:153,0
DA:155,0
DA:156,0
DA:160,0
DA:161,0
DA:165,0
DA:166,0
DA:170,1
DA:171,0
DA:172,0
DA:174,0
DA:175,0
DA:178,1
LF:108
LH:18
BRDA:39,1,0,0
BRDA:39,1,1,0
BRDA:51,2,0,0
BRDA:51,2,1,0
BRDA:67,3,0,0
BRDA:67,3,1,0
BRDA:72,4,0,0
BRDA:72,4,1,0
BRDA:76,5,0,0
BRDA:76,5,1,0
BRDA:81,6,0,0
BRDA:81,6,1,0
BRDA:115,7,0,0
BRDA:115,7,1,0
BRDA:119,8,0,0
BRDA:119,8,1,0
BRDA:140,9,0,0
BRDA:140,9,1,0
BRDA:140,10,0,0
BRDA:140,10,1,0
BRDA:142,11,0,0
BRDA:142,11,1,0
BRDA:147,12,0,0
BRDA:147,12,1,0
BRDA:150,13,0,0
BRDA:150,13,1,0
BRDA:171,14,0,0
BRDA:171,14,1,0
BRF:28
BRH:0
end_of_record
TN:
SF:C:\Users\SECONDARY\Documents\auction-away\models\user.js
FN:49,(anonymous_1)
FN:78,(anonymous_2)
FN:83,(anonymous_3)
FN:87,(anonymous_4)
FN:88,(anonymous_5)
FNF:5
FNH:0
FNDA:0,(anonymous_1)
FNDA:0,(anonymous_2)
FNDA:0,(anonymous_3)
FNDA:0,(anonymous_4)
FNDA:0,(anonymous_5)
DA:1,1
DA:2,1
DA:3,1
DA:5,1
DA:41,1
DA:48,1
DA:49,0
DA:50,0
DA:51,0
DA:53,0
DA:54,0
DA:78,1
DA:79,0
DA:80,0
DA:83,1
DA:84,0
DA:87,1
DA:88,0
DA:89,0
DA:90,0
DA:92,0
LF:21
LH:9
BRDA:50,1,0,0
BRDA:50,1,1,0
BRDA:89,2,0,0
BRDA:89,2,1,0
BRF:4
BRH:0
end_of_record
TN:
SF:C:\Users\SECONDARY\Documents\auction-away\routes\auctions.js
FN:100,convertDateToUTC
FN:154,(anonymous_2)
FN:161,(anonymous_3)
FN:170,(anonymous_4)
FN:197,ensureAuthenticated
FNF:5
FNH:0
FNDA:0,convertDateToUTC
FNDA:0,(anonymous_2)
FNDA:0,(anonymous_3)
FNDA:0,(anonymous_4)
FNDA:0,ensureAuthenticated
DA:1,1
DA:2,1
DA:3,1
DA:5,1
DA:6,1
DA:9,1
DA:10,0
DA:11,0
DA:12,0
DA:13,0
DA:15,0
DA:20,1
DA:21,0
DA:22,0
DA:23,0
DA:25,0
DA:27,0
DA:32,1
DA:33,0
DA:34,0
DA:35,0
DA:36,0
DA:37,0
DA:39,0
DA:44,1
DA:45,0
DA:46,0
DA:47,0
DA:48,0
DA:49,0
DA:52,0
DA:57,1
DA:58,0
DA:59,0
DA:60,0
DA:61,0
DA:62,0
DA:65,0
DA:82,1
DA:83,0
DA:84,0
DA:85,0
DA:86,0
DA:87,0
DA:89,0
DA:90,0
DA:91,0
DA:96,1
DA:97,0
DA:100,1
DA:101,0
DA:104,1
DA:105,0
DA:106,0
DA:107,0
DA:108,0
DA:110,0
DA:111,0
DA:112,0
DA:113,0
DA:114,0
DA:115,0
DA:116,0
DA:118,0
DA:119,0
DA:120,0
DA:121,0
DA:122,0
DA:131,0
DA:132,0
DA:133,0
DA:134,0
DA:135,0
DA:136,0
DA:138,0
DA:139,0
DA:143,0
DA:144,0
DA:149,1
DA:150,0
DA:151,0
DA:152,0
DA:153,0
DA:154,0
DA:155,0
DA:156,0
DA:157,0
DA:158,0
DA:160,0
DA:161,0
DA:162,0
DA:163,0
DA:164,0
DA:165,0
DA:167,0
DA:168,0
DA:169,0
DA:170,0
DA:171,0
DA:172,0
DA:173,0
DA:174,0
DA:176,0
DA:177,0
DA:181,0
DA:182,0
DA:187,0
DA:188,0
DA:192,0
DA:193,0
DA:197,1
DA:198,0
DA:199,0
DA:201,0
DA:202,0
DA:207,1
LF:116
LH:17
BRDA:11,1,0,0
BRDA:11,1,1,0
BRDA:22,2,0,0
BRDA:22,2,1,0
BRDA:35,3,0,0
BRDA:35,3,1,0
BRDA:47,4,0,0
BRDA:47,4,1,0
BRDA:60,5,0,0
BRDA:60,5,1,0
BRDA:85,6,0,0
BRDA:85,6,1,0
BRDA:115,7,0,0
BRDA:115,7,1,0
BRDA:121,8,0,0
BRDA:121,8,1,0
BRDA:121,9,0,0
BRDA:121,9,1,0
BRDA:121,9,2,0
BRDA:133,10,0,0
BRDA:133,10,1,0
BRDA:153,11,0,0
BRDA:153,11,1,0
BRDA:153,12,0,0
BRDA:153,12,1,0
BRDA:155,13,0,0
BRDA:155,13,1,0
BRDA:160,14,0,0
BRDA:160,14,1,0
BRDA:162,15,0,0
BRDA:162,15,1,0
BRDA:167,16,0,0
BRDA:167,16,1,0
BRDA:167,17,0,0
BRDA:167,17,1,0
BRDA:167,17,2,0
BRDA:171,18,0,0
BRDA:171,18,1,0
BRDA:198,19,0,0
BRDA:198,19,1,0
BRF:40
BRH:0
end_of_record
TN:
SF:C:\Users\SECONDARY\Documents\auction-away\models\auction.js
FNF:0
FNH:0
DA:1,1
DA:3,1
DA:50,1
DA:53,1
DA:54,0
DA:58,1
DA:59,0
DA:62,0
DA:66,1
DA:67,0
DA:71,1
DA:72,0
DA:75,1
DA:76,0
DA:79,0
DA:83,1
DA:84,0
DA:87,0
DA:91,1
DA:92,0
DA:95,0
LF:21
LH:10
BRF:0
BRH:0
end_of_record
TN:
SF:C:\Users\SECONDARY\Documents\auction-away\public\js\helpers.js
FN:1,(anonymous_1)
FN:4,(anonymous_2)
FNF:2
FNH:1
FNDA:1,(anonymous_1)
FNDA:0,(anonymous_2)
DA:1,1
DA:2,1
DA:5,0
DA:6,0
DA:8,0
DA:15,1
DA:17,0
DA:18,0
DA:22,1
DA:27,1
DA:28,1
LF:11
LH:6
BRDA:5,1,0,0
BRDA:5,1,1,0
BRDA:15,2,0,0
BRDA:15,2,1,1
BRDA:15,3,0,1
BRDA:15,3,1,0
BRF:6
BRH:2
end_of_record
